<?xml version="1.0" encoding="UTF-8"?>
<testsuite xmlns:xsi="http://www.w3.org/2001/XMLSchema-instance" xsi:noNamespaceSchemaLocation="https://maven.apache.org/surefire/maven-surefire-plugin/xsd/surefire-test-report-3.0.xsd" version="3.0" name="com.springbootmavenproject.helloworldapplication.HelloworldapplicationApplicationTests" time="1.732" tests="1" errors="0" skipped="0" failures="0">
  <properties>
[...]
</properties>
  <testcase name="contextLoads" classname="com.springbootmavenproject.helloworldapplication.HelloworldapplicationApplicationTests" time="0.547">
    <system-out><![CDATA[21:57:47.017 [main] INFO org.springframework.test.context.support.AnnotationConfigContextLoaderUtils -- Could not detect default configuration classes for test class [com.springbootmavenproject.helloworldapplication.HelloworldapplicationApplicationTests]: HelloworldapplicationApplicationTests does not declare any static, non-private, non-final, nested classes annotated with @Configuration.
21:57:47.084 [main] INFO org.springframework.boot.test.context.SpringBootTestContextBootstrapper -- Found @SpringBootConfiguration com.springbootmavenproject.helloworldapplication.HelloworldapplicationApplication for test class com.springbootmavenproject.helloworldapplication.HelloworldapplicationApplicationTests

  .   ____          _            __ _ _
 /\\ / ___'_ __ _ _(_)_ __  __ _ \ \ \ \
( ( )\___ | '_ | '_| | '_ \/ _` | \ \ \ \
 \\/  ___)| |_)| | | | | || (_| |  ) ) ) )
  '  |____| .__|_| |_|_| |_\__, | / / / /
 =========|_|==============|___/=/_/_/_/
 :: Spring Boot ::                (v3.2.2)

2024-01-31T21:57:47.334+05:30  INFO 13899 --- [           main] .h.HelloworldapplicationApplicationTests : Starting HelloworldapplicationApplicationTests using Java 17.0.9 with PID 13899 (started by aarti in /home/aarti/springbootmavenproject/helloworldapplication)
2024-01-31T21:57:47.335+05:30  INFO 13899 --- [           main] .h.HelloworldapplicationApplicationTests : No active profile set, falling back to 1 default profile: "default"
2024-01-31T21:57:48.072+05:30  INFO 13899 --- [           main] .h.HelloworldapplicationApplicationTests : Started HelloworldapplicationApplicationTests in 0.899 seconds (process running for 1.519)
]]></system-out>
  </testcase>
</testsuite>